<?xml version="1.0" encoding="UTF-8"?>
<!-- Generated by org.testng.reporters.JUnitXMLReporter -->
<testsuite ignored="0" hostname="shidqiadiatma" failures="0" tests="2" name="regression test - secondhand binar" time="8.377" errors="0" timestamp="2023-12-08T20:05:08 WIB">
  <testcase classname="io.cucumber.testng.AbstractTestNGCucumberTests" name="runScenario" time="1.535"/>
  <testcase classname="io.cucumber.testng.AbstractTestNGCucumberTests" name="runScenario" time="1.311"/>
</testsuite> <!-- regression test - secondhand binar -->
