<?xml version="1.0" encoding="UTF-8"?>
<testng-results ignored="0" total="4" passed="4" failed="0" skipped="0">
  <reporter-output>
  </reporter-output>
  <suite started-at="2023-12-08T23:22:36 WIB" name="All Test Suite" finished-at="2023-12-08T23:22:53 WIB" duration-ms="16084">
    <groups>
      <group name="cucumber">
        <method signature="AbstractTestNGCucumberTests.runScenario(io.cucumber.testng.PickleWrapper,io.cucumber.testng.FeatureWrapper)[pri:0, instance:app.binar.runners.testRunner@765d7657]" name="runScenario" class="io.cucumber.testng.AbstractTestNGCucumberTests"/>
      </group> <!-- cucumber -->
    </groups>
    <test started-at="2023-12-08T23:22:36 WIB" name="test" finished-at="2023-12-08T23:22:53 WIB" duration-ms="16084">
      <class name="app.binar.runners.testRunner">
        <test-method is-config="true" signature="setUpClass(org.testng.ITestContext)[pri:0, instance:app.binar.runners.testRunner@765d7657]" started-at="2023-12-08T23:22:36 WIB" name="setUpClass" finished-at="2023-12-08T23:22:37 WIB" duration-ms="547" status="PASS">
          <params>
            <param index="0">
              <value>
                <![CDATA[org.testng.TestRunner@36b4fe2a]]>
              </value>
            </param>
          </params>
          <reporter-output>
          </reporter-output>
        </test-method> <!-- setUpClass -->
        <test-method is-config="true" signature="setupBrowser()[pri:0, instance:app.binar.runners.testRunner@765d7657]" started-at="2023-12-08T23:22:37 WIB" name="setupBrowser" finished-at="2023-12-08T23:22:40 WIB" duration-ms="2540" status="PASS">
          <reporter-output>
          </reporter-output>
        </test-method> <!-- setupBrowser -->
        <test-method signature="runScenario(io.cucumber.testng.PickleWrapper,io.cucumber.testng.FeatureWrapper)[pri:0, instance:app.binar.runners.testRunner@765d7657]" started-at="2023-12-08T23:22:40 WIB" name="runScenario" description="Runs Cucumber Scenarios" data-provider="scenarios" finished-at="2023-12-08T23:22:41 WIB" duration-ms="1885" status="PASS">
          <params>
            <param index="0">
              <value>
                <![CDATA["As a user, I should be able to log in using correct registered data"]]>
              </value>
            </param>
            <param index="1">
              <value>
                <![CDATA["Checkout"]]>
              </value>
            </param>
          </params>
          <reporter-output>
          </reporter-output>
        </test-method> <!-- runScenario -->
        <test-method is-config="true" signature="teardownBrowser()[pri:0, instance:app.binar.runners.testRunner@765d7657]" started-at="2023-12-08T23:22:41 WIB" name="teardownBrowser" finished-at="2023-12-08T23:22:42 WIB" duration-ms="94" status="PASS">
          <reporter-output>
          </reporter-output>
        </test-method> <!-- teardownBrowser -->
        <test-method is-config="true" signature="setupBrowser()[pri:0, instance:app.binar.runners.testRunner@765d7657]" started-at="2023-12-08T23:22:42 WIB" name="setupBrowser" finished-at="2023-12-08T23:22:44 WIB" duration-ms="2093" status="PASS">
          <reporter-output>
          </reporter-output>
        </test-method> <!-- setupBrowser -->
        <test-method signature="runScenario(io.cucumber.testng.PickleWrapper,io.cucumber.testng.FeatureWrapper)[pri:0, instance:app.binar.runners.testRunner@765d7657]" started-at="2023-12-08T23:22:44 WIB" name="runScenario" description="Runs Cucumber Scenarios" data-provider="scenarios" finished-at="2023-12-08T23:22:45 WIB" duration-ms="1467" status="PASS">
          <params>
            <param index="0">
              <value>
                <![CDATA["As a user, I should be able to log in using correct registered data"]]>
              </value>
            </param>
            <param index="1">
              <value>
                <![CDATA["Login"]]>
              </value>
            </param>
          </params>
          <reporter-output>
          </reporter-output>
        </test-method> <!-- runScenario -->
        <test-method is-config="true" signature="teardownBrowser()[pri:0, instance:app.binar.runners.testRunner@765d7657]" started-at="2023-12-08T23:22:45 WIB" name="teardownBrowser" finished-at="2023-12-08T23:22:45 WIB" duration-ms="240" status="PASS">
          <reporter-output>
          </reporter-output>
        </test-method> <!-- teardownBrowser -->
        <test-method is-config="true" signature="setupBrowser()[pri:0, instance:app.binar.runners.testRunner@765d7657]" started-at="2023-12-08T23:22:45 WIB" name="setupBrowser" finished-at="2023-12-08T23:22:47 WIB" duration-ms="1762" status="PASS">
          <reporter-output>
          </reporter-output>
        </test-method> <!-- setupBrowser -->
        <test-method signature="runScenario(io.cucumber.testng.PickleWrapper,io.cucumber.testng.FeatureWrapper)[pri:0, instance:app.binar.runners.testRunner@765d7657]" started-at="2023-12-08T23:22:47 WIB" name="runScenario" description="Runs Cucumber Scenarios" data-provider="scenarios" finished-at="2023-12-08T23:22:49 WIB" duration-ms="1517" status="PASS">
          <params>
            <param index="0">
              <value>
                <![CDATA["As a user, I should be able to log in using correct registered data"]]>
              </value>
            </param>
            <param index="1">
              <value>
                <![CDATA["Login"]]>
              </value>
            </param>
          </params>
          <reporter-output>
          </reporter-output>
        </test-method> <!-- runScenario -->
        <test-method is-config="true" signature="teardownBrowser()[pri:0, instance:app.binar.runners.testRunner@765d7657]" started-at="2023-12-08T23:22:49 WIB" name="teardownBrowser" finished-at="2023-12-08T23:22:49 WIB" duration-ms="86" status="PASS">
          <reporter-output>
          </reporter-output>
        </test-method> <!-- teardownBrowser -->
        <test-method is-config="true" signature="setupBrowser()[pri:0, instance:app.binar.runners.testRunner@765d7657]" started-at="2023-12-08T23:22:49 WIB" name="setupBrowser" finished-at="2023-12-08T23:22:51 WIB" duration-ms="1982" status="PASS">
          <reporter-output>
          </reporter-output>
        </test-method> <!-- setupBrowser -->
        <test-method signature="runScenario(io.cucumber.testng.PickleWrapper,io.cucumber.testng.FeatureWrapper)[pri:0, instance:app.binar.runners.testRunner@765d7657]" started-at="2023-12-08T23:22:51 WIB" name="runScenario" description="Runs Cucumber Scenarios" data-provider="scenarios" finished-at="2023-12-08T23:22:52 WIB" duration-ms="1398" status="PASS">
          <params>
            <param index="0">
              <value>
                <![CDATA["As a user, I should be able to log in using correct registered data"]]>
              </value>
            </param>
            <param index="1">
              <value>
                <![CDATA["Checkout"]]>
              </value>
            </param>
          </params>
          <reporter-output>
          </reporter-output>
        </test-method> <!-- runScenario -->
        <test-method is-config="true" signature="teardownBrowser()[pri:0, instance:app.binar.runners.testRunner@765d7657]" started-at="2023-12-08T23:22:52 WIB" name="teardownBrowser" finished-at="2023-12-08T23:22:52 WIB" duration-ms="78" status="PASS">
          <reporter-output>
          </reporter-output>
        </test-method> <!-- teardownBrowser -->
        <test-method is-config="true" signature="tearDownClass()[pri:0, instance:app.binar.runners.testRunner@765d7657]" started-at="2023-12-08T23:22:52 WIB" name="tearDownClass" finished-at="2023-12-08T23:22:53 WIB" duration-ms="360" status="PASS">
          <reporter-output>
          </reporter-output>
        </test-method> <!-- tearDownClass -->
      </class> <!-- app.binar.runners.testRunner -->
    </test> <!-- test -->
  </suite> <!-- All Test Suite -->
</testng-results>
