<?xml version="1.0" encoding="UTF-8"?>
<testsuite xmlns:xsi="http://www.w3.org/2001/XMLSchema-instance" xsi:noNamespaceSchemaLocation="https://maven.apache.org/surefire/maven-surefire-plugin/xsd/surefire-test-report-3.0.xsd" version="3.0" name="TestSuite" time="16.461" tests="4" errors="0" skipped="0" failures="0">
  <properties>
[...]
</properties>
  <testcase name="runScenario[&quot;As a user, I should be able to log in using correct registered data&quot;, &quot;Checkout&quot;](1)" classname="app.binar.runners.testRunner" time="1.845">
    <system-out><![CDATA[
@checkout @checkout
Scenario: As a user, I should be able to log in using correct registered data # src/test/java/app/binar/features/checkoutProduct.feature:5
  Given user navigate to url "https://www.saucedemo.com/"                     # app.binar.steps.commonStep.navigateToUrl(java.lang.String)
  When user login using "standard user"                                       # app.binar.steps.loginStep.loginAs(java.lang.String)
  * user click Add To Cart button on product                                  # app.binar.steps.checkoutStep.user_click_Add_To_Cart()
  * user do checkout                                                          # app.binar.steps.checkoutStep.user_do_checkout()
  Then verify checkout successfully                                           # app.binar.steps.checkoutStep.verify_checkout_successfully()
  * user take screenshot "user-checkout-successfully"                         # app.binar.steps.commonStep.userTakeScreenshot(java.lang.String)
]]></system-out>
    <system-err><![CDATA[[TestNG-test=test-1] WARN io.github.bonigarcia.wdm.WebDriverManager - Exception deleting driver cache at C:\Users\adiat\.cache\selenium
org.apache.commons.io.IOExceptionList: 1 exception(s): [org.apache.commons.io.IOIndexedException: IOException #0: Cannot delete file: C:\Users\adiat\.cache\selenium\chromedriver]
	at org.apache.commons.io.IOExceptionList.checkEmpty(IOExceptionList.java:49)
	at org.apache.commons.io.function.IOStream.forAll(IOStream.java:352)
	at org.apache.commons.io.function.IOStreams.forAll(IOStreams.java:42)
	at org.apache.commons.io.function.IOStreams.forAll(IOStreams.java:36)
	at org.apache.commons.io.function.IOConsumer.forAll(IOConsumer.java:80)
	at org.apache.commons.io.FileUtils.cleanDirectory(FileUtils.java:333)
	at io.github.bonigarcia.wdm.WebDriverManager.clearDriverCache(WebDriverManager.java:830)
	at app.binar.browserFactory.launchBrowser(browserFactory.java:16)
	at app.binar.runners.testRunner.setupBrowser(testRunner.java:33)
	at java.base/jdk.internal.reflect.DirectMethodHandleAccessor.invoke(DirectMethodHandleAccessor.java:104)
	at java.base/java.lang.reflect.Method.invoke(Method.java:578)
	at org.testng.internal.invokers.MethodInvocationHelper.invokeMethod(MethodInvocationHelper.java:139)
	at org.testng.internal.invokers.MethodInvocationHelper.invokeMethodConsideringTimeout(MethodInvocationHelper.java:69)
	at org.testng.internal.invokers.ConfigInvoker.invokeConfigurationMethod(ConfigInvoker.java:390)
	at org.testng.internal.invokers.ConfigInvoker.invokeConfigurations(ConfigInvoker.java:325)
	at org.testng.internal.invokers.TestInvoker.runConfigMethods(TestInvoker.java:810)
	at org.testng.internal.invokers.TestInvoker.invokeMethod(TestInvoker.java:577)
	at org.testng.internal.invokers.TestInvoker.invokeTestMethod(TestInvoker.java:227)
	at org.testng.internal.invokers.MethodRunner.runInSequence(MethodRunner.java:50)
	at org.testng.internal.invokers.TestInvoker$MethodInvocationAgent.invoke(TestInvoker.java:957)
	at org.testng.internal.invokers.TestInvoker.invokeTestMethods(TestInvoker.java:200)
	at org.testng.internal.invokers.TestMethodWorker.invokeTestMethods(TestMethodWorker.java:148)
	at org.testng.internal.invokers.TestMethodWorker.run(TestMethodWorker.java:128)
	at java.base/java.util.concurrent.ThreadPoolExecutor.runWorker(ThreadPoolExecutor.java:1144)
	at java.base/java.util.concurrent.ThreadPoolExecutor$Worker.run(ThreadPoolExecutor.java:642)
	at java.base/java.lang.Thread.run(Thread.java:1623)
Caused by: org.apache.commons.io.IOIndexedException: IOException #0: Cannot delete file: C:\Users\adiat\.cache\selenium\chromedriver
	at org.apache.commons.io.function.IOStream.lambda$forAll$11(IOStream.java:347)
	at java.base/java.util.Spliterators$ArraySpliterator.forEachRemaining(Spliterators.java:1006)
	at java.base/java.util.stream.ReferencePipeline$Head.forEach(ReferencePipeline.java:762)
	at org.apache.commons.io.function.IOStream.forAll(IOStream.java:338)
	... 24 more
Caused by: java.io.IOException: Cannot delete file: C:\Users\adiat\.cache\selenium\chromedriver
	at org.apache.commons.io.FileUtils.forceDelete(FileUtils.java:1340)
	at org.apache.commons.io.function.IOStream.lambda$forAll$11(IOStream.java:340)
	... 27 more
Caused by: java.nio.file.AccessDeniedException: C:\Users\adiat\.cache\selenium\chromedriver\win64\120.0.6099.71\chromedriver.exe
	at java.base/sun.nio.fs.WindowsException.translateToIOException(WindowsException.java:89)
	at java.base/sun.nio.fs.WindowsException.rethrowAsIOException(WindowsException.java:103)
	at java.base/sun.nio.fs.WindowsException.rethrowAsIOException(WindowsException.java:108)
	at java.base/sun.nio.fs.WindowsFileSystemProvider.implDelete(WindowsFileSystemProvider.java:273)
	at java.base/sun.nio.fs.AbstractFileSystemProvider.deleteIfExists(AbstractFileSystemProvider.java:109)
	at java.base/java.nio.file.Files.deleteIfExists(Files.java:1190)
	at org.apache.commons.io.file.DeletingPathVisitor.visitFile(DeletingPathVisitor.java:159)
	at org.apache.commons.io.file.DeletingPathVisitor.visitFile(DeletingPathVisitor.java:37)
	at java.base/java.nio.file.Files.walkFileTree(Files.java:2781)
	at java.base/java.nio.file.Files.walkFileTree(Files.java:2852)
	at org.apache.commons.io.file.PathUtils.visitFileTree(PathUtils.java:1654)
	at org.apache.commons.io.file.PathUtils.deleteDirectory(PathUtils.java:517)
	at org.apache.commons.io.file.PathUtils.delete(PathUtils.java:476)
	at org.apache.commons.io.FileUtils.forceDelete(FileUtils.java:1337)
	... 28 more
[TestNG-test=test-1] INFO io.github.bonigarcia.wdm.WebDriverManager - Using chromedriver 120.0.6099.71 (resolved driver for Chrome 120)
[TestNG-test=test-1] INFO io.github.bonigarcia.wdm.WebDriverManager - Exporting webdriver.chrome.driver as C:\Users\adiat\.cache\selenium\chromedriver\win64\120.0.6099.71\chromedriver.exe
[TestNG-test=test-1] INFO io.github.bonigarcia.wdm.cache.ResolutionCache - Clearing WebDriverManager resolution cache
[TestNG-test=test-1] INFO io.github.bonigarcia.wdm.WebDriverManager - Using chromedriver 120.0.6099.71 (resolved driver for Chrome 120)
[TestNG-test=test-1] INFO io.github.bonigarcia.wdm.WebDriverManager - Exporting webdriver.chrome.driver as C:\Users\adiat\.cache\selenium\chromedriver\win64\120.0.6099.71\chromedriver.exe
Dec 08, 2023 11:22:39 PM org.openqa.selenium.devtools.CdpVersionFinder findNearestMatch
WARNING: Unable to find an exact match for CDP version 120, returning the closest version; found: 119; Please update to a Selenium version that supports CDP version 120
]]></system-err>
  </testcase>
  <testcase name="runScenario[&quot;As a user, I should be able to log in using correct registered data&quot;, &quot;Login&quot;](2)" classname="app.binar.runners.testRunner" time="1.46">
    <system-out><![CDATA[
@login @login
Scenario: As a user, I should be able to log in using correct registered data # src/test/java/app/binar/features/login.feature:5
  Given user navigate to url "https://www.saucedemo.com/"                     # app.binar.steps.commonStep.navigateToUrl(java.lang.String)
  When user login using "standard user"                                       # app.binar.steps.loginStep.loginAs(java.lang.String)
  Then user direct to dashboard screen                                        # app.binar.steps.loginStep.userDirectToDashboardScreen()
  * user take screenshot "user-login-successfully"                            # app.binar.steps.commonStep.userTakeScreenshot(java.lang.String)
]]></system-out>
    <system-err><![CDATA[[TestNG-test=test-1] WARN io.github.bonigarcia.wdm.WebDriverManager - Exception deleting driver cache at C:\Users\adiat\.cache\selenium
org.apache.commons.io.IOExceptionList: 1 exception(s): [org.apache.commons.io.IOIndexedException: IOException #0: Cannot delete file: C:\Users\adiat\.cache\selenium\chromedriver]
	at org.apache.commons.io.IOExceptionList.checkEmpty(IOExceptionList.java:49)
	at org.apache.commons.io.function.IOStream.forAll(IOStream.java:352)
	at org.apache.commons.io.function.IOStreams.forAll(IOStreams.java:42)
	at org.apache.commons.io.function.IOStreams.forAll(IOStreams.java:36)
	at org.apache.commons.io.function.IOConsumer.forAll(IOConsumer.java:80)
	at org.apache.commons.io.FileUtils.cleanDirectory(FileUtils.java:333)
	at io.github.bonigarcia.wdm.WebDriverManager.clearDriverCache(WebDriverManager.java:830)
	at app.binar.browserFactory.launchBrowser(browserFactory.java:16)
	at app.binar.runners.testRunner.setupBrowser(testRunner.java:33)
	at java.base/jdk.internal.reflect.DirectMethodHandleAccessor.invoke(DirectMethodHandleAccessor.java:104)
	at java.base/java.lang.reflect.Method.invoke(Method.java:578)
	at org.testng.internal.invokers.MethodInvocationHelper.invokeMethod(MethodInvocationHelper.java:139)
	at org.testng.internal.invokers.MethodInvocationHelper.invokeMethodConsideringTimeout(MethodInvocationHelper.java:69)
	at org.testng.internal.invokers.ConfigInvoker.invokeConfigurationMethod(ConfigInvoker.java:390)
	at org.testng.internal.invokers.ConfigInvoker.invokeConfigurations(ConfigInvoker.java:325)
	at org.testng.internal.invokers.TestInvoker.runConfigMethods(TestInvoker.java:810)
	at org.testng.internal.invokers.TestInvoker.invokeMethod(TestInvoker.java:577)
	at org.testng.internal.invokers.TestInvoker.invokeTestMethod(TestInvoker.java:227)
	at org.testng.internal.invokers.MethodRunner.runInSequence(MethodRunner.java:50)
	at org.testng.internal.invokers.TestInvoker$MethodInvocationAgent.invoke(TestInvoker.java:957)
	at org.testng.internal.invokers.TestInvoker.invokeTestMethods(TestInvoker.java:200)
	at org.testng.internal.invokers.TestMethodWorker.invokeTestMethods(TestMethodWorker.java:148)
	at org.testng.internal.invokers.TestMethodWorker.run(TestMethodWorker.java:128)
	at java.base/java.util.concurrent.ThreadPoolExecutor.runWorker(ThreadPoolExecutor.java:1144)
	at java.base/java.util.concurrent.ThreadPoolExecutor$Worker.run(ThreadPoolExecutor.java:642)
	at java.base/java.lang.Thread.run(Thread.java:1623)
Caused by: org.apache.commons.io.IOIndexedException: IOException #0: Cannot delete file: C:\Users\adiat\.cache\selenium\chromedriver
	at org.apache.commons.io.function.IOStream.lambda$forAll$11(IOStream.java:347)
	at java.base/java.util.Spliterators$ArraySpliterator.forEachRemaining(Spliterators.java:1006)
	at java.base/java.util.stream.ReferencePipeline$Head.forEach(ReferencePipeline.java:762)
	at org.apache.commons.io.function.IOStream.forAll(IOStream.java:338)
	... 24 more
Caused by: java.io.IOException: Cannot delete file: C:\Users\adiat\.cache\selenium\chromedriver
	at org.apache.commons.io.FileUtils.forceDelete(FileUtils.java:1340)
	at org.apache.commons.io.function.IOStream.lambda$forAll$11(IOStream.java:340)
	... 27 more
Caused by: java.nio.file.AccessDeniedException: C:\Users\adiat\.cache\selenium\chromedriver\win64\120.0.6099.71\chromedriver.exe
	at java.base/sun.nio.fs.WindowsException.translateToIOException(WindowsException.java:89)
	at java.base/sun.nio.fs.WindowsException.rethrowAsIOException(WindowsException.java:103)
	at java.base/sun.nio.fs.WindowsException.rethrowAsIOException(WindowsException.java:108)
	at java.base/sun.nio.fs.WindowsFileSystemProvider.implDelete(WindowsFileSystemProvider.java:273)
	at java.base/sun.nio.fs.AbstractFileSystemProvider.deleteIfExists(AbstractFileSystemProvider.java:109)
	at java.base/java.nio.file.Files.deleteIfExists(Files.java:1190)
	at org.apache.commons.io.file.DeletingPathVisitor.visitFile(DeletingPathVisitor.java:159)
	at org.apache.commons.io.file.DeletingPathVisitor.visitFile(DeletingPathVisitor.java:37)
	at java.base/java.nio.file.Files.walkFileTree(Files.java:2781)
	at java.base/java.nio.file.Files.walkFileTree(Files.java:2852)
	at org.apache.commons.io.file.PathUtils.visitFileTree(PathUtils.java:1654)
	at org.apache.commons.io.file.PathUtils.deleteDirectory(PathUtils.java:517)
	at org.apache.commons.io.file.PathUtils.delete(PathUtils.java:476)
	at org.apache.commons.io.FileUtils.forceDelete(FileUtils.java:1337)
	... 28 more
[TestNG-test=test-1] INFO io.github.bonigarcia.wdm.WebDriverManager - Using chromedriver 120.0.6099.71 (resolved driver for Chrome 120)
[TestNG-test=test-1] INFO io.github.bonigarcia.wdm.WebDriverManager - Exporting webdriver.chrome.driver as C:\Users\adiat\.cache\selenium\chromedriver\win64\120.0.6099.71\chromedriver.exe
[TestNG-test=test-1] INFO io.github.bonigarcia.wdm.cache.ResolutionCache - Clearing WebDriverManager resolution cache
[TestNG-test=test-1] INFO io.github.bonigarcia.wdm.WebDriverManager - Using chromedriver 120.0.6099.71 (resolved driver for Chrome 120)
[TestNG-test=test-1] INFO io.github.bonigarcia.wdm.WebDriverManager - Exporting webdriver.chrome.driver as C:\Users\adiat\.cache\selenium\chromedriver\win64\120.0.6099.71\chromedriver.exe
Dec 08, 2023 11:22:44 PM org.openqa.selenium.devtools.CdpVersionFinder findNearestMatch
WARNING: Unable to find an exact match for CDP version 120, returning the closest version; found: 119; Please update to a Selenium version that supports CDP version 120
]]></system-err>
  </testcase>
  <testcase name="runScenario[&quot;As a user, I should be able to log in using correct registered data&quot;, &quot;Login&quot;](3)" classname="app.binar.runners.testRunner" time="1.509">
    <system-out><![CDATA[
@login @login
Scenario Outline: As a user, I should be able to log in using correct registered data     # src/test/java/app/binar/features/login.feature:20
  Given user navigate to url "https://www.saucedemo.com/"                                 # app.binar.steps.commonStep.navigateToUrl(java.lang.String)
  When user login using "locked out user"                                                 # app.binar.steps.loginStep.loginAs(java.lang.String)
  Then error alert exist with value "Epic sadface: Sorry, this user has been locked out." # app.binar.steps.loginStep.errorAlertExist(java.lang.String)
  * user take screenshot "user-login-successfully"                                        # app.binar.steps.commonStep.userTakeScreenshot(java.lang.String)
]]></system-out>
    <system-err><![CDATA[[TestNG-test=test-1] WARN io.github.bonigarcia.wdm.WebDriverManager - Exception deleting driver cache at C:\Users\adiat\.cache\selenium
org.apache.commons.io.IOExceptionList: 1 exception(s): [org.apache.commons.io.IOIndexedException: IOException #0: Cannot delete file: C:\Users\adiat\.cache\selenium\chromedriver]
	at org.apache.commons.io.IOExceptionList.checkEmpty(IOExceptionList.java:49)
	at org.apache.commons.io.function.IOStream.forAll(IOStream.java:352)
	at org.apache.commons.io.function.IOStreams.forAll(IOStreams.java:42)
	at org.apache.commons.io.function.IOStreams.forAll(IOStreams.java:36)
	at org.apache.commons.io.function.IOConsumer.forAll(IOConsumer.java:80)
	at org.apache.commons.io.FileUtils.cleanDirectory(FileUtils.java:333)
	at io.github.bonigarcia.wdm.WebDriverManager.clearDriverCache(WebDriverManager.java:830)
	at app.binar.browserFactory.launchBrowser(browserFactory.java:16)
	at app.binar.runners.testRunner.setupBrowser(testRunner.java:33)
	at java.base/jdk.internal.reflect.DirectMethodHandleAccessor.invoke(DirectMethodHandleAccessor.java:104)
	at java.base/java.lang.reflect.Method.invoke(Method.java:578)
	at org.testng.internal.invokers.MethodInvocationHelper.invokeMethod(MethodInvocationHelper.java:139)
	at org.testng.internal.invokers.MethodInvocationHelper.invokeMethodConsideringTimeout(MethodInvocationHelper.java:69)
	at org.testng.internal.invokers.ConfigInvoker.invokeConfigurationMethod(ConfigInvoker.java:390)
	at org.testng.internal.invokers.ConfigInvoker.invokeConfigurations(ConfigInvoker.java:325)
	at org.testng.internal.invokers.TestInvoker.runConfigMethods(TestInvoker.java:810)
	at org.testng.internal.invokers.TestInvoker.invokeMethod(TestInvoker.java:577)
	at org.testng.internal.invokers.TestInvoker.invokeTestMethod(TestInvoker.java:227)
	at org.testng.internal.invokers.MethodRunner.runInSequence(MethodRunner.java:50)
	at org.testng.internal.invokers.TestInvoker$MethodInvocationAgent.invoke(TestInvoker.java:957)
	at org.testng.internal.invokers.TestInvoker.invokeTestMethods(TestInvoker.java:200)
	at org.testng.internal.invokers.TestMethodWorker.invokeTestMethods(TestMethodWorker.java:148)
	at org.testng.internal.invokers.TestMethodWorker.run(TestMethodWorker.java:128)
	at java.base/java.util.concurrent.ThreadPoolExecutor.runWorker(ThreadPoolExecutor.java:1144)
	at java.base/java.util.concurrent.ThreadPoolExecutor$Worker.run(ThreadPoolExecutor.java:642)
	at java.base/java.lang.Thread.run(Thread.java:1623)
Caused by: org.apache.commons.io.IOIndexedException: IOException #0: Cannot delete file: C:\Users\adiat\.cache\selenium\chromedriver
	at org.apache.commons.io.function.IOStream.lambda$forAll$11(IOStream.java:347)
	at java.base/java.util.Spliterators$ArraySpliterator.forEachRemaining(Spliterators.java:1006)
	at java.base/java.util.stream.ReferencePipeline$Head.forEach(ReferencePipeline.java:762)
	at org.apache.commons.io.function.IOStream.forAll(IOStream.java:338)
	... 24 more
Caused by: java.io.IOException: Cannot delete file: C:\Users\adiat\.cache\selenium\chromedriver
	at org.apache.commons.io.FileUtils.forceDelete(FileUtils.java:1340)
	at org.apache.commons.io.function.IOStream.lambda$forAll$11(IOStream.java:340)
	... 27 more
Caused by: java.nio.file.AccessDeniedException: C:\Users\adiat\.cache\selenium\chromedriver\win64\120.0.6099.71\chromedriver.exe
	at java.base/sun.nio.fs.WindowsException.translateToIOException(WindowsException.java:89)
	at java.base/sun.nio.fs.WindowsException.rethrowAsIOException(WindowsException.java:103)
	at java.base/sun.nio.fs.WindowsException.rethrowAsIOException(WindowsException.java:108)
	at java.base/sun.nio.fs.WindowsFileSystemProvider.implDelete(WindowsFileSystemProvider.java:273)
	at java.base/sun.nio.fs.AbstractFileSystemProvider.deleteIfExists(AbstractFileSystemProvider.java:109)
	at java.base/java.nio.file.Files.deleteIfExists(Files.java:1190)
	at org.apache.commons.io.file.DeletingPathVisitor.visitFile(DeletingPathVisitor.java:159)
	at org.apache.commons.io.file.DeletingPathVisitor.visitFile(DeletingPathVisitor.java:37)
	at java.base/java.nio.file.Files.walkFileTree(Files.java:2781)
	at java.base/java.nio.file.Files.walkFileTree(Files.java:2852)
	at org.apache.commons.io.file.PathUtils.visitFileTree(PathUtils.java:1654)
	at org.apache.commons.io.file.PathUtils.deleteDirectory(PathUtils.java:517)
	at org.apache.commons.io.file.PathUtils.delete(PathUtils.java:476)
	at org.apache.commons.io.FileUtils.forceDelete(FileUtils.java:1337)
	... 28 more
[TestNG-test=test-1] INFO io.github.bonigarcia.wdm.WebDriverManager - Using chromedriver 120.0.6099.71 (resolved driver for Chrome 120)
[TestNG-test=test-1] INFO io.github.bonigarcia.wdm.WebDriverManager - Exporting webdriver.chrome.driver as C:\Users\adiat\.cache\selenium\chromedriver\win64\120.0.6099.71\chromedriver.exe
[TestNG-test=test-1] INFO io.github.bonigarcia.wdm.cache.ResolutionCache - Clearing WebDriverManager resolution cache
[TestNG-test=test-1] INFO io.github.bonigarcia.wdm.WebDriverManager - Using chromedriver 120.0.6099.71 (resolved driver for Chrome 120)
[TestNG-test=test-1] INFO io.github.bonigarcia.wdm.WebDriverManager - Exporting webdriver.chrome.driver as C:\Users\adiat\.cache\selenium\chromedriver\win64\120.0.6099.71\chromedriver.exe
Dec 08, 2023 11:22:47 PM org.openqa.selenium.devtools.CdpVersionFinder findNearestMatch
WARNING: Unable to find an exact match for CDP version 120, returning the closest version; found: 119; Please update to a Selenium version that supports CDP version 120
]]></system-err>
  </testcase>
  <testcase name="runScenario[&quot;As a user, I should be able to log in using correct registered data&quot;, &quot;Checkout&quot;](4)" classname="app.binar.runners.testRunner" time="1.387">
    <system-out><![CDATA[
@sorting @sorting
Scenario: As a user, I should be able to log in using correct registered data # src/test/java/app/binar/features/sorting.feature:5
  Given user navigate to url "https://www.saucedemo.com/"                     # app.binar.steps.commonStep.navigateToUrl(java.lang.String)
  When user login using "standard user"                                       # app.binar.steps.loginStep.loginAs(java.lang.String)
  * user select filter price high to low                                      # app.binar.steps.sortingStep.user_select_filter()
  Then compare first product price with second product price                  # app.binar.steps.sortingStep.compare_product_price()
  * user take screenshot "user-sorting-high-to-low-successfully"              # app.binar.steps.commonStep.userTakeScreenshot(java.lang.String)
]]></system-out>
    <system-err><![CDATA[[TestNG-test=test-1] WARN io.github.bonigarcia.wdm.WebDriverManager - Exception deleting driver cache at C:\Users\adiat\.cache\selenium
org.apache.commons.io.IOExceptionList: 1 exception(s): [org.apache.commons.io.IOIndexedException: IOException #0: Cannot delete file: C:\Users\adiat\.cache\selenium\chromedriver]
	at org.apache.commons.io.IOExceptionList.checkEmpty(IOExceptionList.java:49)
	at org.apache.commons.io.function.IOStream.forAll(IOStream.java:352)
	at org.apache.commons.io.function.IOStreams.forAll(IOStreams.java:42)
	at org.apache.commons.io.function.IOStreams.forAll(IOStreams.java:36)
	at org.apache.commons.io.function.IOConsumer.forAll(IOConsumer.java:80)
	at org.apache.commons.io.FileUtils.cleanDirectory(FileUtils.java:333)
	at io.github.bonigarcia.wdm.WebDriverManager.clearDriverCache(WebDriverManager.java:830)
	at app.binar.browserFactory.launchBrowser(browserFactory.java:16)
	at app.binar.runners.testRunner.setupBrowser(testRunner.java:33)
	at java.base/jdk.internal.reflect.DirectMethodHandleAccessor.invoke(DirectMethodHandleAccessor.java:104)
	at java.base/java.lang.reflect.Method.invoke(Method.java:578)
	at org.testng.internal.invokers.MethodInvocationHelper.invokeMethod(MethodInvocationHelper.java:139)
	at org.testng.internal.invokers.MethodInvocationHelper.invokeMethodConsideringTimeout(MethodInvocationHelper.java:69)
	at org.testng.internal.invokers.ConfigInvoker.invokeConfigurationMethod(ConfigInvoker.java:390)
	at org.testng.internal.invokers.ConfigInvoker.invokeConfigurations(ConfigInvoker.java:325)
	at org.testng.internal.invokers.TestInvoker.runConfigMethods(TestInvoker.java:810)
	at org.testng.internal.invokers.TestInvoker.invokeMethod(TestInvoker.java:577)
	at org.testng.internal.invokers.TestInvoker.invokeTestMethod(TestInvoker.java:227)
	at org.testng.internal.invokers.MethodRunner.runInSequence(MethodRunner.java:50)
	at org.testng.internal.invokers.TestInvoker$MethodInvocationAgent.invoke(TestInvoker.java:957)
	at org.testng.internal.invokers.TestInvoker.invokeTestMethods(TestInvoker.java:200)
	at org.testng.internal.invokers.TestMethodWorker.invokeTestMethods(TestMethodWorker.java:148)
	at org.testng.internal.invokers.TestMethodWorker.run(TestMethodWorker.java:128)
	at java.base/java.util.concurrent.ThreadPoolExecutor.runWorker(ThreadPoolExecutor.java:1144)
	at java.base/java.util.concurrent.ThreadPoolExecutor$Worker.run(ThreadPoolExecutor.java:642)
	at java.base/java.lang.Thread.run(Thread.java:1623)
Caused by: org.apache.commons.io.IOIndexedException: IOException #0: Cannot delete file: C:\Users\adiat\.cache\selenium\chromedriver
	at org.apache.commons.io.function.IOStream.lambda$forAll$11(IOStream.java:347)
	at java.base/java.util.Spliterators$ArraySpliterator.forEachRemaining(Spliterators.java:1006)
	at java.base/java.util.stream.ReferencePipeline$Head.forEach(ReferencePipeline.java:762)
	at org.apache.commons.io.function.IOStream.forAll(IOStream.java:338)
	... 24 more
Caused by: java.io.IOException: Cannot delete file: C:\Users\adiat\.cache\selenium\chromedriver
	at org.apache.commons.io.FileUtils.forceDelete(FileUtils.java:1340)
	at org.apache.commons.io.function.IOStream.lambda$forAll$11(IOStream.java:340)
	... 27 more
Caused by: java.nio.file.AccessDeniedException: C:\Users\adiat\.cache\selenium\chromedriver\win64\120.0.6099.71\chromedriver.exe
	at java.base/sun.nio.fs.WindowsException.translateToIOException(WindowsException.java:89)
	at java.base/sun.nio.fs.WindowsException.rethrowAsIOException(WindowsException.java:103)
	at java.base/sun.nio.fs.WindowsException.rethrowAsIOException(WindowsException.java:108)
	at java.base/sun.nio.fs.WindowsFileSystemProvider.implDelete(WindowsFileSystemProvider.java:273)
	at java.base/sun.nio.fs.AbstractFileSystemProvider.deleteIfExists(AbstractFileSystemProvider.java:109)
	at java.base/java.nio.file.Files.deleteIfExists(Files.java:1190)
	at org.apache.commons.io.file.DeletingPathVisitor.visitFile(DeletingPathVisitor.java:159)
	at org.apache.commons.io.file.DeletingPathVisitor.visitFile(DeletingPathVisitor.java:37)
	at java.base/java.nio.file.Files.walkFileTree(Files.java:2781)
	at java.base/java.nio.file.Files.walkFileTree(Files.java:2852)
	at org.apache.commons.io.file.PathUtils.visitFileTree(PathUtils.java:1654)
	at org.apache.commons.io.file.PathUtils.deleteDirectory(PathUtils.java:517)
	at org.apache.commons.io.file.PathUtils.delete(PathUtils.java:476)
	at org.apache.commons.io.FileUtils.forceDelete(FileUtils.java:1337)
	... 28 more
[TestNG-test=test-1] INFO io.github.bonigarcia.wdm.WebDriverManager - Using chromedriver 120.0.6099.71 (resolved driver for Chrome 120)
[TestNG-test=test-1] INFO io.github.bonigarcia.wdm.WebDriverManager - Exporting webdriver.chrome.driver as C:\Users\adiat\.cache\selenium\chromedriver\win64\120.0.6099.71\chromedriver.exe
[TestNG-test=test-1] INFO io.github.bonigarcia.wdm.cache.ResolutionCache - Clearing WebDriverManager resolution cache
[TestNG-test=test-1] INFO io.github.bonigarcia.wdm.WebDriverManager - Using chromedriver 120.0.6099.71 (resolved driver for Chrome 120)
[TestNG-test=test-1] INFO io.github.bonigarcia.wdm.WebDriverManager - Exporting webdriver.chrome.driver as C:\Users\adiat\.cache\selenium\chromedriver\win64\120.0.6099.71\chromedriver.exe
Dec 08, 2023 11:22:51 PM org.openqa.selenium.devtools.CdpVersionFinder findNearestMatch
WARNING: Unable to find an exact match for CDP version 120, returning the closest version; found: 119; Please update to a Selenium version that supports CDP version 120
]]></system-err>
  </testcase>
</testsuite>